This file contains any messages produced by compilers while
running configure, to aid debugging if configure makes a mistake.

It was created by HMMER configure 3.3.2, which was
generated by GNU Autoconf 2.69.  Invocation command line was

  $ ./configure --prefix=/storage/yuanyubo/soft/hmmer3

## --------- ##
## Platform. ##
## --------- ##

hostname = node
uname -m = x86_64
uname -r = 2.6.32-642.el6.x86_64
uname -s = Linux
uname -v = #1 SMP Tue May 10 17:27:01 UTC 2016

/usr/bin/uname -p = unknown
/bin/uname -X     = unknown

/bin/arch              = x86_64
/usr/bin/arch -k       = unknown
/usr/convex/getsysinfo = unknown
/usr/bin/hostinfo      = unknown
/bin/machine           = unknown
/usr/bin/oslevel       = unknown
/bin/universe          = unknown

PATH: /storage/yuanyubo/anaconda3/bin
PATH: /usr/lib64/qt-3.3/bin
PATH: /usr/bin
PATH: /bin
PATH: /usr/sbin
PATH: /sbin
PATH: /usr/local/sbin
PATH: /storage/yuanyubo/bin


## ----------- ##
## Core tests. ##
## ----------- ##

configure:2283: Configuring HMMER3 for your system.
configure:2439: checking build system type
configure:2453: result: x86_64-pc-linux-gnu
configure:2473: checking host system type
configure:2486: result: x86_64-pc-linux-gnu
configure:2636: checking whether to compile using MPI
configure:2643: result: no
configure:2800: checking for gcc
configure:2816: found /usr/bin/gcc
configure:2827: result: gcc
configure:3056: checking for C compiler version
configure:3065: gcc --version >&5
gcc (GCC) 4.4.7 20120313 (Red Hat 4.4.7-18)
Copyright (C) 2010 Free Software Foundation, Inc.
This is free software; see the source for copying conditions.  There is NO
warranty; not even for MERCHANTABILITY or FITNESS FOR A PARTICULAR PURPOSE.

configure:3076: $? = 0
configure:3065: gcc -v >&5
Using built-in specs.
Target: x86_64-redhat-linux
Configured with: ../configure --prefix=/usr --mandir=/usr/share/man --infodir=/usr/share/info --with-bugurl=http://bugzilla.redhat.com/bugzilla --enable-bootstrap --enable-shared --enable-threads=posix --enable-checking=release --with-system-zlib --enable-__cxa_atexit --disable-libunwind-exceptions --enable-gnu-unique-object --enable-languages=c,c++,objc,obj-c++,java,fortran,ada --enable-java-awt=gtk --disable-dssi --with-java-home=/usr/lib/jvm/java-1.5.0-gcj-1.5.0.0/jre --enable-libgcj-multifile --enable-java-maintainer-mode --with-ecj-jar=/usr/share/java/eclipse-ecj.jar --disable-libjava-multilib --with-ppl --with-cloog --with-tune=generic --with-arch_32=i686 --build=x86_64-redhat-linux
Thread model: posix
gcc version 4.4.7 20120313 (Red Hat 4.4.7-18) (GCC) 
configure:3076: $? = 0
configure:3065: gcc -V >&5
gcc: '-V' option must have argument
configure:3076: $? = 1
configure:3065: gcc -qversion >&5
gcc: unrecognized option '-qversion'
gcc: no input files
configure:3076: $? = 1
configure:3096: checking whether the C compiler works
configure:3118: gcc    conftest.c  >&5
configure:3122: $? = 0
configure:3170: result: yes
configure:3173: checking for C compiler default output file name
configure:3175: result: a.out
configure:3181: checking for suffix of executables
configure:3188: gcc -o conftest    conftest.c  >&5
configure:3192: $? = 0
configure:3214: result: 
configure:3236: checking whether we are cross compiling
configure:3244: gcc -o conftest    conftest.c  >&5
configure:3248: $? = 0
configure:3255: ./conftest
configure:3259: $? = 0
configure:3274: result: no
configure:3279: checking for suffix of object files
configure:3301: gcc -c   conftest.c >&5
configure:3305: $? = 0
configure:3326: result: o
configure:3330: checking whether we are using the GNU C compiler
configure:3349: gcc -c   conftest.c >&5
configure:3349: $? = 0
configure:3358: result: yes
configure:3367: checking whether gcc accepts -g
configure:3387: gcc -c -g  conftest.c >&5
configure:3387: $? = 0
configure:3428: result: yes
configure:3445: checking for gcc option to accept ISO C89
configure:3508: gcc  -c -g -O2  conftest.c >&5
configure:3508: $? = 0
configure:3521: result: none needed
configure:3674: checking for gcc option to accept ISO C99
configure:3823: gcc  -c -g -O2  conftest.c >&5
conftest.c:70: error: expected ';', ',' or ')' before 'text'
conftest.c: In function 'main':
conftest.c:124: error: expected '=', ',', ';', 'asm' or '__attribute__' before 'newvar'
conftest.c:124: error: 'newvar' undeclared (first use in this function)
conftest.c:124: error: (Each undeclared identifier is reported only once
conftest.c:124: error: for each function it appears in.)
conftest.c:134: error: 'for' loop initial declarations are only allowed in C99 mode
conftest.c:134: note: use option -std=c99 or -std=gnu99 to compile your code
configure:3823: $? = 1
configure: failed program was:
| /* confdefs.h */
| #define PACKAGE_NAME "HMMER"
| #define PACKAGE_TARNAME "hmmer"
| #define PACKAGE_VERSION "3.3.2"
| #define PACKAGE_STRING "HMMER 3.3.2"
| #define PACKAGE_BUGREPORT "sean@eddylab.org"
| #define PACKAGE_URL ""
| #define HMMER_DATE "Nov 2020"
| #define HMMER_COPYRIGHT "Copyright (C) 2020 Howard Hughes Medical Institute."
| #define HMMER_LICENSE "Freely distributed under the BSD open source license."
| #define HMMER_VERSION "3.3.2"
| #define HMMER_URL "http://hmmer.org/"
| #define EASEL_DATE "Nov 2020"
| #define EASEL_COPYRIGHT "Copyright (C) 2020 Howard Hughes Medical Institute."
| #define EASEL_LICENSE "Freely distributed under the BSD open source license."
| #define EASEL_VERSION "0.48"
| #define EASEL_URL "http://bioeasel.org/"
| #define eslDEBUGLEVEL 0
| /* end confdefs.h.  */
| #include <stdarg.h>
| #include <stdbool.h>
| #include <stdlib.h>
| #include <wchar.h>
| #include <stdio.h>
| 
| // Check varargs macros.  These examples are taken from C99 6.10.3.5.
| #define debug(...) fprintf (stderr, __VA_ARGS__)
| #define showlist(...) puts (#__VA_ARGS__)
| #define report(test,...) ((test) ? puts (#test) : printf (__VA_ARGS__))
| static void
| test_varargs_macros (void)
| {
|   int x = 1234;
|   int y = 5678;
|   debug ("Flag");
|   debug ("X = %d\n", x);
|   showlist (The first, second, and third items.);
|   report (x>y, "x is %d but y is %d", x, y);
| }
| 
| // Check long long types.
| #define BIG64 18446744073709551615ull
| #define BIG32 4294967295ul
| #define BIG_OK (BIG64 / BIG32 == 4294967297ull && BIG64 % BIG32 == 0)
| #if !BIG_OK
|   your preprocessor is broken;
| #endif
| #if BIG_OK
| #else
|   your preprocessor is broken;
| #endif
| static long long int bignum = -9223372036854775807LL;
| static unsigned long long int ubignum = BIG64;
| 
| struct incomplete_array
| {
|   int datasize;
|   double data[];
| };
| 
| struct named_init {
|   int number;
|   const wchar_t *name;
|   double average;
| };
| 
| typedef const char *ccp;
| 
| static inline int
| test_restrict (ccp restrict text)
| {
|   // See if C++-style comments work.
|   // Iterate through items via the restricted pointer.
|   // Also check for declarations in for loops.
|   for (unsigned int i = 0; *(text+i) != '\0'; ++i)
|     continue;
|   return 0;
| }
| 
| // Check varargs and va_copy.
| static void
| test_varargs (const char *format, ...)
| {
|   va_list args;
|   va_start (args, format);
|   va_list args_copy;
|   va_copy (args_copy, args);
| 
|   const char *str;
|   int number;
|   float fnumber;
| 
|   while (*format)
|     {
|       switch (*format++)
| 	{
| 	case 's': // string
| 	  str = va_arg (args_copy, const char *);
| 	  break;
| 	case 'd': // int
| 	  number = va_arg (args_copy, int);
| 	  break;
| 	case 'f': // float
| 	  fnumber = va_arg (args_copy, double);
| 	  break;
| 	default:
| 	  break;
| 	}
|     }
|   va_end (args_copy);
|   va_end (args);
| }
| 
| int
| main ()
| {
| 
|   // Check bool.
|   _Bool success = false;
| 
|   // Check restrict.
|   if (test_restrict ("String literal") == 0)
|     success = true;
|   char *restrict newvar = "Another string";
| 
|   // Check varargs.
|   test_varargs ("s, d' f .", "string", 65, 34.234);
|   test_varargs_macros ();
| 
|   // Check flexible array members.
|   struct incomplete_array *ia =
|     malloc (sizeof (struct incomplete_array) + (sizeof (double) * 10));
|   ia->datasize = 10;
|   for (int i = 0; i < ia->datasize; ++i)
|     ia->data[i] = i * 1.234;
| 
|   // Check named initializers.
|   struct named_init ni = {
|     .number = 34,
|     .name = L"Test wide string",
|     .average = 543.34343,
|   };
| 
|   ni.number = 58;
| 
|   int dynamic_array[ni.number];
|   dynamic_array[ni.number - 1] = 543;
| 
|   // work around unused variable warnings
|   return (!success || bignum == 0LL || ubignum == 0uLL || newvar[0] == 'x'
| 	  || dynamic_array[ni.number - 1] != 543);
| 
|   ;
|   return 0;
| }
configure:3823: gcc -std=gnu99 -c -g -O2  conftest.c >&5
configure:3823: $? = 0
configure:3843: result: -std=gnu99
configure:3944: checking for gcc -std=gnu99 option to accept ISO Standard C
configure:3958: result: -std=gnu99
configure:3967: checking how to run the C preprocessor
configure:3998: gcc -std=gnu99 -E  conftest.c
configure:3998: $? = 0
configure:4012: gcc -std=gnu99 -E  conftest.c
conftest.c:20:28: error: ac_nonexistent.h: No such file or directory
configure:4012: $? = 1
configure: failed program was:
| /* confdefs.h */
| #define PACKAGE_NAME "HMMER"
| #define PACKAGE_TARNAME "hmmer"
| #define PACKAGE_VERSION "3.3.2"
| #define PACKAGE_STRING "HMMER 3.3.2"
| #define PACKAGE_BUGREPORT "sean@eddylab.org"
| #define PACKAGE_URL ""
| #define HMMER_DATE "Nov 2020"
| #define HMMER_COPYRIGHT "Copyright (C) 2020 Howard Hughes Medical Institute."
| #define HMMER_LICENSE "Freely distributed under the BSD open source license."
| #define HMMER_VERSION "3.3.2"
| #define HMMER_URL "http://hmmer.org/"
| #define EASEL_DATE "Nov 2020"
| #define EASEL_COPYRIGHT "Copyright (C) 2020 Howard Hughes Medical Institute."
| #define EASEL_LICENSE "Freely distributed under the BSD open source license."
| #define EASEL_VERSION "0.48"
| #define EASEL_URL "http://bioeasel.org/"
| #define eslDEBUGLEVEL 0
| /* end confdefs.h.  */
| #include <ac_nonexistent.h>
configure:4037: result: gcc -std=gnu99 -E
configure:4057: gcc -std=gnu99 -E  conftest.c
configure:4057: $? = 0
configure:4071: gcc -std=gnu99 -E  conftest.c
conftest.c:20:28: error: ac_nonexistent.h: No such file or directory
configure:4071: $? = 1
configure: failed program was:
| /* confdefs.h */
| #define PACKAGE_NAME "HMMER"
| #define PACKAGE_TARNAME "hmmer"
| #define PACKAGE_VERSION "3.3.2"
| #define PACKAGE_STRING "HMMER 3.3.2"
| #define PACKAGE_BUGREPORT "sean@eddylab.org"
| #define PACKAGE_URL ""
| #define HMMER_DATE "Nov 2020"
| #define HMMER_COPYRIGHT "Copyright (C) 2020 Howard Hughes Medical Institute."
| #define HMMER_LICENSE "Freely distributed under the BSD open source license."
| #define HMMER_VERSION "3.3.2"
| #define HMMER_URL "http://hmmer.org/"
| #define EASEL_DATE "Nov 2020"
| #define EASEL_COPYRIGHT "Copyright (C) 2020 Howard Hughes Medical Institute."
| #define EASEL_LICENSE "Freely distributed under the BSD open source license."
| #define EASEL_VERSION "0.48"
| #define EASEL_URL "http://bioeasel.org/"
| #define eslDEBUGLEVEL 0
| /* end confdefs.h.  */
| #include <ac_nonexistent.h>
configure:4113: checking for a BSD-compatible install
configure:4181: result: /usr/bin/install -c
configure:4235: checking for strip
configure:4251: found /usr/bin/strip
configure:4262: result: strip
configure:4327: checking for ranlib
configure:4343: found /usr/bin/ranlib
configure:4354: result: ranlib
configure:4378: checking for ar
configure:4397: found /usr/bin/ar
configure:4410: result: /usr/bin/ar
configure:4418: checking whether ln -s works
configure:4422: result: yes
configure:4567: checking for a sed that does not truncate output
configure:4631: result: /bin/sed
configure:4637: checking for grep that handles long lines and -e
configure:4695: result: /bin/grep
configure:4700: checking for egrep
configure:4762: result: /bin/grep -E
configure:4950: checking whether gcc -std=gnu99 is Clang
configure:4975: result: no
configure:5098: checking whether pthreads work with -pthread
configure:5192: gcc -std=gnu99 -o conftest -O3 -pthread   conftest.c   >&5
configure:5192: $? = 0
configure:5201: result: yes
configure:5220: checking for joinable pthread attribute
configure:5238: gcc -std=gnu99 -o conftest -O3 -pthread   conftest.c   >&5
configure:5238: $? = 0
configure:5246: result: PTHREAD_CREATE_JOINABLE
configure:5260: checking whether more special flags are required for pthreads
configure:5273: result: no
configure:5281: checking for PTHREAD_PRIO_INHERIT
configure:5297: gcc -std=gnu99 -o conftest -O3 -pthread   conftest.c   >&5
conftest.c: In function 'main':
conftest.c:24: error: 'PTHREAD_PRIO_INHERIT' undeclared (first use in this function)
conftest.c:24: error: (Each undeclared identifier is reported only once
conftest.c:24: error: for each function it appears in.)
configure:5297: $? = 1
configure: failed program was:
| /* confdefs.h */
| #define PACKAGE_NAME "HMMER"
| #define PACKAGE_TARNAME "hmmer"
| #define PACKAGE_VERSION "3.3.2"
| #define PACKAGE_STRING "HMMER 3.3.2"
| #define PACKAGE_BUGREPORT "sean@eddylab.org"
| #define PACKAGE_URL ""
| #define HMMER_DATE "Nov 2020"
| #define HMMER_COPYRIGHT "Copyright (C) 2020 Howard Hughes Medical Institute."
| #define HMMER_LICENSE "Freely distributed under the BSD open source license."
| #define HMMER_VERSION "3.3.2"
| #define HMMER_URL "http://hmmer.org/"
| #define EASEL_DATE "Nov 2020"
| #define EASEL_COPYRIGHT "Copyright (C) 2020 Howard Hughes Medical Institute."
| #define EASEL_LICENSE "Freely distributed under the BSD open source license."
| #define EASEL_VERSION "0.48"
| #define EASEL_URL "http://bioeasel.org/"
| #define eslDEBUGLEVEL 0
| /* end confdefs.h.  */
| #include <pthread.h>
| int
| main ()
| {
| int i = PTHREAD_PRIO_INHERIT;
|   ;
|   return 0;
| }
configure:5306: result: no
configure:5448: checking whether gcc -std=gnu99 can compile our Altivec/VMX code
configure:5480: gcc -std=gnu99 -o conftest -O3   conftest.c  >&5
conftest.c:23:21: error: altivec.h: No such file or directory
conftest.c: In function 'stub_vmx':
conftest.c:26: error: 'vector' undeclared (first use in this function)
conftest.c:26: error: (Each undeclared identifier is reported only once
conftest.c:26: error: for each function it appears in.)
conftest.c:26: error: expected ';' before 'signed'
conftest.c:27: error: expected specifier-qualifier-list before 'vector'
conftest.c:28: error: 'v1' undeclared (first use in this function)
conftest.c:28: warning: implicit declaration of function 'vec_splat_s32'
conftest.c:29: error: 'v2' undeclared (first use in this function)
conftest.c:30: error: 'union <anonymous>' has no member named 'v'
conftest.c:30: warning: implicit declaration of function 'vec_add'
conftest.c:31: error: 'union <anonymous>' has no member named 'x'
configure:5480: $? = 1
configure: failed program was:
| /* confdefs.h */
| #define PACKAGE_NAME "HMMER"
| #define PACKAGE_TARNAME "hmmer"
| #define PACKAGE_VERSION "3.3.2"
| #define PACKAGE_STRING "HMMER 3.3.2"
| #define PACKAGE_BUGREPORT "sean@eddylab.org"
| #define PACKAGE_URL ""
| #define HMMER_DATE "Nov 2020"
| #define HMMER_COPYRIGHT "Copyright (C) 2020 Howard Hughes Medical Institute."
| #define HMMER_LICENSE "Freely distributed under the BSD open source license."
| #define HMMER_VERSION "3.3.2"
| #define HMMER_URL "http://hmmer.org/"
| #define EASEL_DATE "Nov 2020"
| #define EASEL_COPYRIGHT "Copyright (C) 2020 Howard Hughes Medical Institute."
| #define EASEL_LICENSE "Freely distributed under the BSD open source license."
| #define EASEL_VERSION "0.48"
| #define EASEL_URL "http://bioeasel.org/"
| #define eslDEBUGLEVEL 0
| #define HAVE_PTHREAD 1
| #define HMMER_THREADS 1
| /* end confdefs.h.  */
| 
| #include <altivec.h>
| #include <stdint.h>
| int stub_vmx(void) {
| vector signed int v1,v2;
| union { vector signed int v; int32_t x[4]; } v3;
| v1   = vec_splat_s32(6);
| v2   = vec_splat_s32(12);
| v3.v = vec_add(v1,v2);
| return (int) v3.x[0];}
| int main(void) { if (stub_vmx() != 18) return 1; else return 0; }
| 
configure:5480: gcc -std=gnu99 -o conftest -O3 -maltivec   conftest.c  >&5
cc1: error: unrecognized command line option "-maltivec"
configure:5480: $? = 1
configure: failed program was:
| /* confdefs.h */
| #define PACKAGE_NAME "HMMER"
| #define PACKAGE_TARNAME "hmmer"
| #define PACKAGE_VERSION "3.3.2"
| #define PACKAGE_STRING "HMMER 3.3.2"
| #define PACKAGE_BUGREPORT "sean@eddylab.org"
| #define PACKAGE_URL ""
| #define HMMER_DATE "Nov 2020"
| #define HMMER_COPYRIGHT "Copyright (C) 2020 Howard Hughes Medical Institute."
| #define HMMER_LICENSE "Freely distributed under the BSD open source license."
| #define HMMER_VERSION "3.3.2"
| #define HMMER_URL "http://hmmer.org/"
| #define EASEL_DATE "Nov 2020"
| #define EASEL_COPYRIGHT "Copyright (C) 2020 Howard Hughes Medical Institute."
| #define EASEL_LICENSE "Freely distributed under the BSD open source license."
| #define EASEL_VERSION "0.48"
| #define EASEL_URL "http://bioeasel.org/"
| #define eslDEBUGLEVEL 0
| #define HAVE_PTHREAD 1
| #define HMMER_THREADS 1
| /* end confdefs.h.  */
| 
| #include <altivec.h>
| #include <stdint.h>
| int stub_vmx(void) {
| vector signed int v1,v2;
| union { vector signed int v; int32_t x[4]; } v3;
| v1   = vec_splat_s32(6);
| v2   = vec_splat_s32(12);
| v3.v = vec_add(v1,v2);
| return (int) v3.x[0];}
| int main(void) { if (stub_vmx() != 18) return 1; else return 0; }
| 
configure:5480: gcc -std=gnu99 -o conftest -O3 -faltivec   conftest.c  >&5
cc1: error: unrecognized command line option "-faltivec"
configure:5480: $? = 1
configure: failed program was:
| /* confdefs.h */
| #define PACKAGE_NAME "HMMER"
| #define PACKAGE_TARNAME "hmmer"
| #define PACKAGE_VERSION "3.3.2"
| #define PACKAGE_STRING "HMMER 3.3.2"
| #define PACKAGE_BUGREPORT "sean@eddylab.org"
| #define PACKAGE_URL ""
| #define HMMER_DATE "Nov 2020"
| #define HMMER_COPYRIGHT "Copyright (C) 2020 Howard Hughes Medical Institute."
| #define HMMER_LICENSE "Freely distributed under the BSD open source license."
| #define HMMER_VERSION "3.3.2"
| #define HMMER_URL "http://hmmer.org/"
| #define EASEL_DATE "Nov 2020"
| #define EASEL_COPYRIGHT "Copyright (C) 2020 Howard Hughes Medical Institute."
| #define EASEL_LICENSE "Freely distributed under the BSD open source license."
| #define EASEL_VERSION "0.48"
| #define EASEL_URL "http://bioeasel.org/"
| #define eslDEBUGLEVEL 0
| #define HAVE_PTHREAD 1
| #define HMMER_THREADS 1
| /* end confdefs.h.  */
| 
| #include <altivec.h>
| #include <stdint.h>
| int stub_vmx(void) {
| vector signed int v1,v2;
| union { vector signed int v; int32_t x[4]; } v3;
| v1   = vec_splat_s32(6);
| v2   = vec_splat_s32(12);
| v3.v = vec_add(v1,v2);
| return (int) v3.x[0];}
| int main(void) { if (stub_vmx() != 18) return 1; else return 0; }
| 
configure:5489: result: no
configure:5531: checking whether gcc -std=gnu99 can compile our SSE code
configure:5563: gcc -std=gnu99 -o conftest -O3   conftest.c  >&5
configure:5563: $? = 0
configure:5577: result: yes
configure:5614: Activating Intel/AMD SSE vector DP implementation
configure:5646: checking whether _MM_SET_FLUSH_ZERO_MODE is supported
configure:5662: gcc -std=gnu99 -c -O3   conftest.c >&5
configure:5662: $? = 0
configure:5663: result: yes
configure:5679: checking compiler support --start-group
configure:5694: gcc -std=gnu99 -o conftest -O3  -Wl,--start-group -Wl,--end-group  conftest.c  >&5
configure:5694: $? = 0
configure:5695: result: yes
configure:5716: checking for gzip
configure:5734: found /usr/bin/gzip
configure:5747: result: /usr/bin/gzip
configure:5770: checking for python3
configure:5786: found /storage/yuanyubo/anaconda3/bin/python3
configure:5797: result: yes
configure:5870: checking for library containing clock_gettime
configure:5901: gcc -std=gnu99 -o conftest -O3   conftest.c  >&5
/tmp/cciynCuJ.o: In function `main':
conftest.c:(.text+0x7): undefined reference to `clock_gettime'
collect2: ld returned 1 exit status
configure:5901: $? = 1
configure: failed program was:
| /* confdefs.h */
| #define PACKAGE_NAME "HMMER"
| #define PACKAGE_TARNAME "hmmer"
| #define PACKAGE_VERSION "3.3.2"
| #define PACKAGE_STRING "HMMER 3.3.2"
| #define PACKAGE_BUGREPORT "sean@eddylab.org"
| #define PACKAGE_URL ""
| #define HMMER_DATE "Nov 2020"
| #define HMMER_COPYRIGHT "Copyright (C) 2020 Howard Hughes Medical Institute."
| #define HMMER_LICENSE "Freely distributed under the BSD open source license."
| #define HMMER_VERSION "3.3.2"
| #define HMMER_URL "http://hmmer.org/"
| #define EASEL_DATE "Nov 2020"
| #define EASEL_COPYRIGHT "Copyright (C) 2020 Howard Hughes Medical Institute."
| #define EASEL_LICENSE "Freely distributed under the BSD open source license."
| #define EASEL_VERSION "0.48"
| #define EASEL_URL "http://bioeasel.org/"
| #define eslDEBUGLEVEL 0
| #define HAVE_PTHREAD 1
| #define HMMER_THREADS 1
| #define eslENABLE_SSE 1
| #define HAVE_FLUSH_ZERO_MODE 1
| #define HAVE_GZIP 1
| /* end confdefs.h.  */
| 
| /* Override any GCC internal prototype to avoid an error.
|    Use char because int might match the return type of a GCC
|    builtin and then its argument prototype would still apply.  */
| #ifdef __cplusplus
| extern "C"
| #endif
| char clock_gettime ();
| int
| main ()
| {
| return clock_gettime ();
|   ;
|   return 0;
| }
configure:5901: gcc -std=gnu99 -o conftest -O3   conftest.c -lrt   >&5
configure:5901: $? = 0
configure:5918: result: -lrt
configure:5933: checking for ANSI C header files
configure:5953: gcc -std=gnu99 -c -O3  conftest.c >&5
configure:5953: $? = 0
configure:6026: gcc -std=gnu99 -o conftest -O3   conftest.c -lrt  >&5
configure:6026: $? = 0
configure:6026: ./conftest
configure:6026: $? = 0
configure:6037: result: yes
configure:6050: checking for sys/types.h
configure:6050: gcc -std=gnu99 -c -O3  conftest.c >&5
configure:6050: $? = 0
configure:6050: result: yes
configure:6050: checking for sys/stat.h
configure:6050: gcc -std=gnu99 -c -O3  conftest.c >&5
configure:6050: $? = 0
configure:6050: result: yes
configure:6050: checking for stdlib.h
configure:6050: gcc -std=gnu99 -c -O3  conftest.c >&5
configure:6050: $? = 0
configure:6050: result: yes
configure:6050: checking for string.h
configure:6050: gcc -std=gnu99 -c -O3  conftest.c >&5
configure:6050: $? = 0
configure:6050: result: yes
configure:6050: checking for memory.h
configure:6050: gcc -std=gnu99 -c -O3  conftest.c >&5
configure:6050: $? = 0
configure:6050: result: yes
configure:6050: checking for strings.h
configure:6050: gcc -std=gnu99 -c -O3  conftest.c >&5
configure:6050: $? = 0
configure:6050: result: yes
configure:6050: checking for inttypes.h
configure:6050: gcc -std=gnu99 -c -O3  conftest.c >&5
configure:6050: $? = 0
configure:6050: result: yes
configure:6050: checking for stdint.h
configure:6050: gcc -std=gnu99 -c -O3  conftest.c >&5
configure:6050: $? = 0
configure:6050: result: yes
configure:6050: checking for unistd.h
configure:6050: gcc -std=gnu99 -c -O3  conftest.c >&5
configure:6050: $? = 0
configure:6050: result: yes
configure:6072: checking endian.h usability
configure:6072: gcc -std=gnu99 -c -O3  conftest.c >&5
configure:6072: $? = 0
configure:6072: result: yes
configure:6072: checking endian.h presence
configure:6072: gcc -std=gnu99 -E  conftest.c
configure:6072: $? = 0
configure:6072: result: yes
configure:6072: checking for endian.h
configure:6072: result: yes
configure:6072: checking for inttypes.h
configure:6072: result: yes
configure:6072: checking for stdint.h
configure:6072: result: yes
configure:6072: checking for unistd.h
configure:6072: result: yes
configure:6072: checking for sys/types.h
configure:6072: result: yes
configure:6072: checking netinet/in.h usability
configure:6072: gcc -std=gnu99 -c -O3  conftest.c >&5
configure:6072: $? = 0
configure:6072: result: yes
configure:6072: checking netinet/in.h presence
configure:6072: gcc -std=gnu99 -E  conftest.c
configure:6072: $? = 0
configure:6072: result: yes
configure:6072: checking for netinet/in.h
configure:6072: result: yes
configure:6088: checking sys/param.h usability
configure:6088: gcc -std=gnu99 -c -O3  conftest.c >&5
configure:6088: $? = 0
configure:6088: result: yes
configure:6088: checking sys/param.h presence
configure:6088: gcc -std=gnu99 -E  conftest.c
configure:6088: $? = 0
configure:6088: result: yes
configure:6088: checking for sys/param.h
configure:6088: result: yes
configure:6100: checking for sys/sysctl.h
configure:6100: gcc -std=gnu99 -c -O3  conftest.c >&5
configure:6100: $? = 0
configure:6100: result: yes
configure:6142: checking for uint8_t
configure:6142: gcc -std=gnu99 -c -O3  conftest.c >&5
configure:6142: $? = 0
configure:6142: result: yes
configure:6156: checking for uint16_t
configure:6156: gcc -std=gnu99 -c -O3  conftest.c >&5
configure:6156: $? = 0
configure:6156: result: yes
configure:6168: checking for uint32_t
configure:6168: gcc -std=gnu99 -c -O3  conftest.c >&5
configure:6168: $? = 0
configure:6168: result: yes
configure:6182: checking for uint64_t
configure:6182: gcc -std=gnu99 -c -O3  conftest.c >&5
configure:6182: $? = 0
configure:6182: result: yes
configure:6196: checking for off_t
configure:6196: gcc -std=gnu99 -c -O3  conftest.c >&5
configure:6196: $? = 0
configure:6196: gcc -std=gnu99 -c -O3  conftest.c >&5
conftest.c: In function 'main':
conftest.c:79: error: expected expression before ')' token
configure:6196: $? = 1
configure: failed program was:
| /* confdefs.h */
| #define PACKAGE_NAME "HMMER"
| #define PACKAGE_TARNAME "hmmer"
| #define PACKAGE_VERSION "3.3.2"
| #define PACKAGE_STRING "HMMER 3.3.2"
| #define PACKAGE_BUGREPORT "sean@eddylab.org"
| #define PACKAGE_URL ""
| #define HMMER_DATE "Nov 2020"
| #define HMMER_COPYRIGHT "Copyright (C) 2020 Howard Hughes Medical Institute."
| #define HMMER_LICENSE "Freely distributed under the BSD open source license."
| #define HMMER_VERSION "3.3.2"
| #define HMMER_URL "http://hmmer.org/"
| #define EASEL_DATE "Nov 2020"
| #define EASEL_COPYRIGHT "Copyright (C) 2020 Howard Hughes Medical Institute."
| #define EASEL_LICENSE "Freely distributed under the BSD open source license."
| #define EASEL_VERSION "0.48"
| #define EASEL_URL "http://bioeasel.org/"
| #define eslDEBUGLEVEL 0
| #define HAVE_PTHREAD 1
| #define HMMER_THREADS 1
| #define eslENABLE_SSE 1
| #define HAVE_FLUSH_ZERO_MODE 1
| #define HAVE_GZIP 1
| #define STDC_HEADERS 1
| #define HAVE_SYS_TYPES_H 1
| #define HAVE_SYS_STAT_H 1
| #define HAVE_STDLIB_H 1
| #define HAVE_STRING_H 1
| #define HAVE_MEMORY_H 1
| #define HAVE_STRINGS_H 1
| #define HAVE_INTTYPES_H 1
| #define HAVE_STDINT_H 1
| #define HAVE_UNISTD_H 1
| #define HAVE_ENDIAN_H 1
| #define HAVE_INTTYPES_H 1
| #define HAVE_STDINT_H 1
| #define HAVE_UNISTD_H 1
| #define HAVE_SYS_TYPES_H 1
| #define HAVE_NETINET_IN_H 1
| #define HAVE_SYS_PARAM_H 1
| #define HAVE_SYS_SYSCTL_H 1
| /* end confdefs.h.  */
| #include <stdio.h>
| #ifdef HAVE_SYS_TYPES_H
| # include <sys/types.h>
| #endif
| #ifdef HAVE_SYS_STAT_H
| # include <sys/stat.h>
| #endif
| #ifdef STDC_HEADERS
| # include <stdlib.h>
| # include <stddef.h>
| #else
| # ifdef HAVE_STDLIB_H
| #  include <stdlib.h>
| # endif
| #endif
| #ifdef HAVE_STRING_H
| # if !defined STDC_HEADERS && defined HAVE_MEMORY_H
| #  include <memory.h>
| # endif
| # include <string.h>
| #endif
| #ifdef HAVE_STRINGS_H
| # include <strings.h>
| #endif
| #ifdef HAVE_INTTYPES_H
| # include <inttypes.h>
| #endif
| #ifdef HAVE_STDINT_H
| # include <stdint.h>
| #endif
| #ifdef HAVE_UNISTD_H
| # include <unistd.h>
| #endif
| int
| main ()
| {
| if (sizeof ((off_t)))
| 	    return 0;
|   ;
|   return 0;
| }
configure:6196: result: yes
configure:6218: checking whether byte ordering is bigendian
configure:6233: gcc -std=gnu99 -c -O3  conftest.c >&5
conftest.c:44: error: expected '=', ',', ';', 'asm' or '__attribute__' before 'a'
configure:6233: $? = 1
configure: failed program was:
| /* confdefs.h */
| #define PACKAGE_NAME "HMMER"
| #define PACKAGE_TARNAME "hmmer"
| #define PACKAGE_VERSION "3.3.2"
| #define PACKAGE_STRING "HMMER 3.3.2"
| #define PACKAGE_BUGREPORT "sean@eddylab.org"
| #define PACKAGE_URL ""
| #define HMMER_DATE "Nov 2020"
| #define HMMER_COPYRIGHT "Copyright (C) 2020 Howard Hughes Medical Institute."
| #define HMMER_LICENSE "Freely distributed under the BSD open source license."
| #define HMMER_VERSION "3.3.2"
| #define HMMER_URL "http://hmmer.org/"
| #define EASEL_DATE "Nov 2020"
| #define EASEL_COPYRIGHT "Copyright (C) 2020 Howard Hughes Medical Institute."
| #define EASEL_LICENSE "Freely distributed under the BSD open source license."
| #define EASEL_VERSION "0.48"
| #define EASEL_URL "http://bioeasel.org/"
| #define eslDEBUGLEVEL 0
| #define HAVE_PTHREAD 1
| #define HMMER_THREADS 1
| #define eslENABLE_SSE 1
| #define HAVE_FLUSH_ZERO_MODE 1
| #define HAVE_GZIP 1
| #define STDC_HEADERS 1
| #define HAVE_SYS_TYPES_H 1
| #define HAVE_SYS_STAT_H 1
| #define HAVE_STDLIB_H 1
| #define HAVE_STRING_H 1
| #define HAVE_MEMORY_H 1
| #define HAVE_STRINGS_H 1
| #define HAVE_INTTYPES_H 1
| #define HAVE_STDINT_H 1
| #define HAVE_UNISTD_H 1
| #define HAVE_ENDIAN_H 1
| #define HAVE_INTTYPES_H 1
| #define HAVE_STDINT_H 1
| #define HAVE_UNISTD_H 1
| #define HAVE_SYS_TYPES_H 1
| #define HAVE_NETINET_IN_H 1
| #define HAVE_SYS_PARAM_H 1
| #define HAVE_SYS_SYSCTL_H 1
| /* end confdefs.h.  */
| #ifndef __APPLE_CC__
| 	       not a universal capable compiler
| 	     #endif
| 	     typedef int dummy;
| 
configure:6278: gcc -std=gnu99 -c -O3  conftest.c >&5
configure:6278: $? = 0
configure:6296: gcc -std=gnu99 -c -O3  conftest.c >&5
conftest.c: In function 'main':
conftest.c:50: error: 'not' undeclared (first use in this function)
conftest.c:50: error: (Each undeclared identifier is reported only once
conftest.c:50: error: for each function it appears in.)
conftest.c:50: error: expected ';' before 'big'
configure:6296: $? = 1
configure: failed program was:
| /* confdefs.h */
| #define PACKAGE_NAME "HMMER"
| #define PACKAGE_TARNAME "hmmer"
| #define PACKAGE_VERSION "3.3.2"
| #define PACKAGE_STRING "HMMER 3.3.2"
| #define PACKAGE_BUGREPORT "sean@eddylab.org"
| #define PACKAGE_URL ""
| #define HMMER_DATE "Nov 2020"
| #define HMMER_COPYRIGHT "Copyright (C) 2020 Howard Hughes Medical Institute."
| #define HMMER_LICENSE "Freely distributed under the BSD open source license."
| #define HMMER_VERSION "3.3.2"
| #define HMMER_URL "http://hmmer.org/"
| #define EASEL_DATE "Nov 2020"
| #define EASEL_COPYRIGHT "Copyright (C) 2020 Howard Hughes Medical Institute."
| #define EASEL_LICENSE "Freely distributed under the BSD open source license."
| #define EASEL_VERSION "0.48"
| #define EASEL_URL "http://bioeasel.org/"
| #define eslDEBUGLEVEL 0
| #define HAVE_PTHREAD 1
| #define HMMER_THREADS 1
| #define eslENABLE_SSE 1
| #define HAVE_FLUSH_ZERO_MODE 1
| #define HAVE_GZIP 1
| #define STDC_HEADERS 1
| #define HAVE_SYS_TYPES_H 1
| #define HAVE_SYS_STAT_H 1
| #define HAVE_STDLIB_H 1
| #define HAVE_STRING_H 1
| #define HAVE_MEMORY_H 1
| #define HAVE_STRINGS_H 1
| #define HAVE_INTTYPES_H 1
| #define HAVE_STDINT_H 1
| #define HAVE_UNISTD_H 1
| #define HAVE_ENDIAN_H 1
| #define HAVE_INTTYPES_H 1
| #define HAVE_STDINT_H 1
| #define HAVE_UNISTD_H 1
| #define HAVE_SYS_TYPES_H 1
| #define HAVE_NETINET_IN_H 1
| #define HAVE_SYS_PARAM_H 1
| #define HAVE_SYS_SYSCTL_H 1
| /* end confdefs.h.  */
| #include <sys/types.h>
| 		#include <sys/param.h>
| 
| int
| main ()
| {
| #if BYTE_ORDER != BIG_ENDIAN
| 		 not big endian
| 		#endif
| 
|   ;
|   return 0;
| }
configure:6424: result: no
configure:6475: checking for __attribute__((noreturn))
configure:6496: gcc -std=gnu99 -o conftest -O3   conftest.c -lrt  >&5
configure:6496: $? = 0
configure:6509: result: yes
configure:6541: checking for __attribute__((format))
configure:6562: gcc -std=gnu99 -o conftest -O3   conftest.c -lrt  >&5
configure:6562: $? = 0
configure:6575: result: yes
configure:6597: checking for mkstemp
configure:6597: gcc -std=gnu99 -o conftest -O3   conftest.c -lrt  >&5
configure:6597: $? = 0
configure:6597: result: yes
configure:6608: checking for popen
configure:6608: gcc -std=gnu99 -o conftest -O3   conftest.c -lrt  >&5
configure:6608: $? = 0
configure:6608: result: yes
configure:6619: checking for putenv
configure:6619: gcc -std=gnu99 -o conftest -O3   conftest.c -lrt  >&5
configure:6619: $? = 0
configure:6619: result: yes
configure:6630: checking for strcasecmp
configure:6630: gcc -std=gnu99 -o conftest -O3   conftest.c -lrt  >&5
conftest.c:71: warning: conflicting types for built-in function 'strcasecmp'
configure:6630: $? = 0
configure:6630: result: yes
configure:6641: checking for strsep
configure:6641: gcc -std=gnu99 -o conftest -O3   conftest.c -lrt  >&5
configure:6641: $? = 0
configure:6641: result: yes
configure:6652: checking for times
configure:6652: gcc -std=gnu99 -o conftest -O3   conftest.c -lrt  >&5
configure:6652: $? = 0
configure:6652: result: yes
configure:6663: checking for getpid
configure:6663: gcc -std=gnu99 -o conftest -O3   conftest.c -lrt  >&5
configure:6663: $? = 0
configure:6663: result: yes
configure:6674: checking for sysctl
configure:6674: gcc -std=gnu99 -o conftest -O3   conftest.c -lrt  >&5
configure:6674: $? = 0
configure:6674: result: yes
configure:6685: checking for sysconf
configure:6685: gcc -std=gnu99 -o conftest -O3   conftest.c -lrt  >&5
configure:6685: $? = 0
configure:6685: result: yes
configure:6696: checking for getcwd
configure:6696: gcc -std=gnu99 -o conftest -O3   conftest.c -lrt  >&5
configure:6696: $? = 0
configure:6696: result: yes
configure:6707: checking for chmod
configure:6707: gcc -std=gnu99 -o conftest -O3   conftest.c -lrt  >&5
configure:6707: $? = 0
configure:6707: result: yes
configure:6718: checking for stat
configure:6718: gcc -std=gnu99 -o conftest -O3   conftest.c -lrt  >&5
configure:6718: $? = 0
configure:6718: result: yes
configure:6729: checking for fstat
configure:6729: gcc -std=gnu99 -o conftest -O3   conftest.c -lrt  >&5
configure:6729: $? = 0
configure:6729: result: yes
configure:6740: checking for erfc
configure:6740: gcc -std=gnu99 -o conftest -O3   conftest.c -lrt  >&5
conftest.c:81: warning: conflicting types for built-in function 'erfc'
/tmp/ccIB3MnV.o: In function `main':
conftest.c:(.text+0x7): undefined reference to `erfc'
collect2: ld returned 1 exit status
configure:6740: $? = 1
configure: failed program was:
| /* confdefs.h */
| #define PACKAGE_NAME "HMMER"
| #define PACKAGE_TARNAME "hmmer"
| #define PACKAGE_VERSION "3.3.2"
| #define PACKAGE_STRING "HMMER 3.3.2"
| #define PACKAGE_BUGREPORT "sean@eddylab.org"
| #define PACKAGE_URL ""
| #define HMMER_DATE "Nov 2020"
| #define HMMER_COPYRIGHT "Copyright (C) 2020 Howard Hughes Medical Institute."
| #define HMMER_LICENSE "Freely distributed under the BSD open source license."
| #define HMMER_VERSION "3.3.2"
| #define HMMER_URL "http://hmmer.org/"
| #define EASEL_DATE "Nov 2020"
| #define EASEL_COPYRIGHT "Copyright (C) 2020 Howard Hughes Medical Institute."
| #define EASEL_LICENSE "Freely distributed under the BSD open source license."
| #define EASEL_VERSION "0.48"
| #define EASEL_URL "http://bioeasel.org/"
| #define eslDEBUGLEVEL 0
| #define HAVE_PTHREAD 1
| #define HMMER_THREADS 1
| #define eslENABLE_SSE 1
| #define HAVE_FLUSH_ZERO_MODE 1
| #define HAVE_GZIP 1
| #define STDC_HEADERS 1
| #define HAVE_SYS_TYPES_H 1
| #define HAVE_SYS_STAT_H 1
| #define HAVE_STDLIB_H 1
| #define HAVE_STRING_H 1
| #define HAVE_MEMORY_H 1
| #define HAVE_STRINGS_H 1
| #define HAVE_INTTYPES_H 1
| #define HAVE_STDINT_H 1
| #define HAVE_UNISTD_H 1
| #define HAVE_ENDIAN_H 1
| #define HAVE_INTTYPES_H 1
| #define HAVE_STDINT_H 1
| #define HAVE_UNISTD_H 1
| #define HAVE_SYS_TYPES_H 1
| #define HAVE_NETINET_IN_H 1
| #define HAVE_SYS_PARAM_H 1
| #define HAVE_SYS_SYSCTL_H 1
| #define HAVE_FUNC_ATTRIBUTE_NORETURN 1
| #define HAVE_FUNC_ATTRIBUTE_FORMAT 1
| #define HAVE_MKSTEMP 1
| #define HAVE_POPEN 1
| #define HAVE_PUTENV 1
| #define HAVE_STRCASECMP 1
| #define HAVE_STRSEP 1
| #define HAVE_TIMES 1
| #define HAVE_GETPID 1
| #define HAVE_SYSCTL 1
| #define HAVE_SYSCONF 1
| #define HAVE_GETCWD 1
| #define HAVE_CHMOD 1
| #define HAVE_STAT 1
| #define HAVE_FSTAT 1
| /* end confdefs.h.  */
| /* Define erfc to an innocuous variant, in case <limits.h> declares erfc.
|    For example, HP-UX 11i <limits.h> declares gettimeofday.  */
| #define erfc innocuous_erfc
| 
| /* System header to define __stub macros and hopefully few prototypes,
|     which can conflict with char erfc (); below.
|     Prefer <limits.h> to <assert.h> if __STDC__ is defined, since
|     <limits.h> exists even on freestanding compilers.  */
| 
| #ifdef __STDC__
| # include <limits.h>
| #else
| # include <assert.h>
| #endif
| 
| #undef erfc
| 
| /* Override any GCC internal prototype to avoid an error.
|    Use char because int might match the return type of a GCC
|    builtin and then its argument prototype would still apply.  */
| #ifdef __cplusplus
| extern "C"
| #endif
| char erfc ();
| /* The GNU C library defines this for functions which it implements
|     to always fail with ENOSYS.  Some functions are actually named
|     something starting with __ and the normal name is an alias.  */
| #if defined __stub_erfc || defined __stub___erfc
| choke me
| #endif
| 
| int
| main ()
| {
| return erfc ();
|   ;
|   return 0;
| }
configure:6740: result: no
configure:6750: checking for library containing ntohs
configure:6781: gcc -std=gnu99 -o conftest -O3   conftest.c -lrt  >&5
configure:6781: $? = 0
configure:6798: result: none required
configure:6806: checking for library containing ntohl
configure:6837: gcc -std=gnu99 -o conftest -O3   conftest.c -lrt  >&5
configure:6837: $? = 0
configure:6854: result: none required
configure:6862: checking for library containing htons
configure:6893: gcc -std=gnu99 -o conftest -O3   conftest.c -lrt  >&5
configure:6893: $? = 0
configure:6910: result: none required
configure:6918: checking for library containing htonl
configure:6949: gcc -std=gnu99 -o conftest -O3   conftest.c -lrt  >&5
configure:6949: $? = 0
configure:6966: result: none required
configure:6974: checking for library containing socket
configure:7005: gcc -std=gnu99 -o conftest -O3   conftest.c -lrt  >&5
configure:7005: $? = 0
configure:7022: result: none required
configure:7030: checking for library containing inet_pton
configure:7061: gcc -std=gnu99 -o conftest -O3   conftest.c -lrt  >&5
configure:7061: $? = 0
configure:7078: result: none required
configure:7087: checking for _LARGEFILE_SOURCE value needed for large files
configure:7106: gcc -std=gnu99 -o conftest -O3   conftest.c -lrt  >&5
configure:7106: $? = 0
configure:7134: result: no
configure:7167: checking for special C compiler options needed for large files
configure:7212: result: no
configure:7218: checking for _FILE_OFFSET_BITS value needed for large files
configure:7243: gcc -std=gnu99 -c -O3  conftest.c >&5
configure:7243: $? = 0
configure:7275: result: no
configure:7525: creating ./config.status

## ---------------------- ##
## Running config.status. ##
## ---------------------- ##

This file was extended by HMMER config.status 3.3.2, which was
generated by GNU Autoconf 2.69.  Invocation command line was

  CONFIG_FILES    = 
  CONFIG_HEADERS  = 
  CONFIG_LINKS    = 
  CONFIG_COMMANDS = 
  $ ./config.status 

on node

config.status:955: creating Makefile
config.status:955: creating src/Makefile
config.status:955: creating testsuite/Makefile
config.status:955: creating profmark/Makefile
config.status:955: creating src/impl_sse/Makefile
config.status:955: creating documentation/Makefile
config.status:955: creating documentation/man/Makefile
config.status:955: creating documentation/userguide/Makefile
config.status:955: creating documentation/userguide/inclusions/Makefile
config.status:955: creating libdivsufsort/Makefile
config.status:955: creating easel/Makefile
config.status:955: creating easel/miniapps/Makefile
config.status:955: creating easel/testsuite/Makefile
config.status:955: creating easel/documentation/Makefile
config.status:955: creating documentation/userguide/titlepage.tex
config.status:955: creating documentation/userguide/titlepage_daemon.tex
config.status:955: creating documentation/userguide/copyright.tex
config.status:955: creating documentation/man/alimask.man
config.status:955: creating documentation/man/hmmalign.man
config.status:955: creating documentation/man/hmmbuild.man
config.status:955: creating documentation/man/hmmc2.man
config.status:955: creating documentation/man/hmmconvert.man
config.status:955: creating documentation/man/hmmemit.man
config.status:955: creating documentation/man/hmmer.man
config.status:955: creating documentation/man/hmmfetch.man
config.status:955: creating documentation/man/hmmlogo.man
config.status:955: creating documentation/man/hmmpgmd.man
config.status:955: creating documentation/man/hmmpgmd_shard.man
config.status:955: creating documentation/man/hmmpress.man
config.status:955: creating documentation/man/hmmscan.man
config.status:955: creating documentation/man/hmmsearch.man
config.status:955: creating documentation/man/hmmsim.man
config.status:955: creating documentation/man/hmmstat.man
config.status:955: creating documentation/man/jackhmmer.man
config.status:955: creating documentation/man/makehmmerdb.man
config.status:955: creating documentation/man/nhmmer.man
config.status:955: creating documentation/man/nhmmscan.man
config.status:955: creating documentation/man/phmmer.man
config.status:955: creating easel/miniapps/esl-afetch.man
config.status:955: creating easel/miniapps/esl-alimanip.man
config.status:955: creating easel/miniapps/esl-alimap.man
config.status:955: creating easel/miniapps/esl-alimask.man
config.status:955: creating easel/miniapps/esl-alimerge.man
config.status:955: creating easel/miniapps/esl-alipid.man
config.status:955: creating easel/miniapps/esl-alirev.man
config.status:955: creating easel/miniapps/esl-alistat.man
config.status:955: creating easel/miniapps/esl-compalign.man
config.status:955: creating easel/miniapps/esl-compstruct.man
config.status:955: creating easel/miniapps/esl-construct.man
config.status:955: creating easel/miniapps/esl-histplot.man
config.status:955: creating easel/miniapps/esl-mask.man
config.status:955: creating easel/miniapps/esl-mixdchlet.man
config.status:955: creating easel/miniapps/esl-reformat.man
config.status:955: creating easel/miniapps/esl-selectn.man
config.status:955: creating easel/miniapps/esl-seqrange.man
config.status:955: creating easel/miniapps/esl-seqstat.man
config.status:955: creating easel/miniapps/esl-sfetch.man
config.status:955: creating easel/miniapps/esl-shuffle.man
config.status:955: creating easel/miniapps/esl-ssdraw.man
config.status:955: creating easel/miniapps/esl-translate.man
config.status:955: creating easel/miniapps/esl-weight.man
config.status:955: creating easel/decoy_config.h
config.status:1130: easel/decoy_config.h is unchanged
config.status:955: creating src/p7_config.h
config.status:1130: src/p7_config.h is unchanged
config.status:955: creating easel/esl_config.h
config.status:1130: easel/esl_config.h is unchanged
config.status:955: creating libdivsufsort/divsufsort.h
config.status:1130: libdivsufsort/divsufsort.h is unchanged
config.status:1156: linking src/impl_sse to src/impl

## ---------------- ##
## Cache variables. ##
## ---------------- ##

ac_cv_build=x86_64-pc-linux-gnu
ac_cv_c_bigendian=no
ac_cv_c_compiler_gnu=yes
ac_cv_c_uint16_t=yes
ac_cv_c_uint32_t=yes
ac_cv_c_uint64_t=yes
ac_cv_c_uint8_t=yes
ac_cv_env_CC_set=
ac_cv_env_CC_value=
ac_cv_env_CFLAGS_set=
ac_cv_env_CFLAGS_value=
ac_cv_env_CPPFLAGS_set=
ac_cv_env_CPPFLAGS_value=
ac_cv_env_CPP_set=
ac_cv_env_CPP_value=
ac_cv_env_LDFLAGS_set=
ac_cv_env_LDFLAGS_value=
ac_cv_env_LIBS_set=
ac_cv_env_LIBS_value=
ac_cv_env_MPICC_set=
ac_cv_env_MPICC_value=
ac_cv_env_PIC_CFLAGS_set=
ac_cv_env_PIC_CFLAGS_value=
ac_cv_env_build_alias_set=
ac_cv_env_build_alias_value=
ac_cv_env_host_alias_set=
ac_cv_env_host_alias_value=
ac_cv_env_target_alias_set=
ac_cv_env_target_alias_value=
ac_cv_func_chmod=yes
ac_cv_func_erfc=no
ac_cv_func_fstat=yes
ac_cv_func_getcwd=yes
ac_cv_func_getpid=yes
ac_cv_func_mkstemp=yes
ac_cv_func_popen=yes
ac_cv_func_putenv=yes
ac_cv_func_stat=yes
ac_cv_func_strcasecmp=yes
ac_cv_func_strsep=yes
ac_cv_func_sysconf=yes
ac_cv_func_sysctl=yes
ac_cv_func_times=yes
ac_cv_header_endian_h=yes
ac_cv_header_inttypes_h=yes
ac_cv_header_memory_h=yes
ac_cv_header_netinet_in_h=yes
ac_cv_header_stdc=yes
ac_cv_header_stdint_h=yes
ac_cv_header_stdlib_h=yes
ac_cv_header_string_h=yes
ac_cv_header_strings_h=yes
ac_cv_header_sys_param_h=yes
ac_cv_header_sys_stat_h=yes
ac_cv_header_sys_sysctl_h=yes
ac_cv_header_sys_types_h=yes
ac_cv_header_unistd_h=yes
ac_cv_host=x86_64-pc-linux-gnu
ac_cv_objext=o
ac_cv_path_AR=/usr/bin/ar
ac_cv_path_EGREP='/bin/grep -E'
ac_cv_path_GREP=/bin/grep
ac_cv_path_HAVE_GZIP=/usr/bin/gzip
ac_cv_path_SED=/bin/sed
ac_cv_path_install='/usr/bin/install -c'
ac_cv_prog_CPP='gcc -std=gnu99 -E'
ac_cv_prog_HAVE_PYTHON3=yes
ac_cv_prog_ac_ct_CC=gcc
ac_cv_prog_ac_ct_RANLIB=ranlib
ac_cv_prog_ac_ct_STRIP=strip
ac_cv_prog_cc_c89=
ac_cv_prog_cc_c99=-std=gnu99
ac_cv_prog_cc_g=yes
ac_cv_prog_cc_stdc=-std=gnu99
ac_cv_search_clock_gettime=-lrt
ac_cv_search_htonl='none required'
ac_cv_search_htons='none required'
ac_cv_search_inet_pton='none required'
ac_cv_search_ntohl='none required'
ac_cv_search_ntohs='none required'
ac_cv_search_socket='none required'
ac_cv_sys_file_offset_bits=no
ac_cv_sys_largefile_CC=no
ac_cv_sys_largefile_source=no
ac_cv_type_off_t=yes
ax_cv_PTHREAD_CLANG=no
ax_cv_PTHREAD_JOINABLE_ATTR=PTHREAD_CREATE_JOINABLE
ax_cv_PTHREAD_PRIO_INHERIT=no
ax_cv_PTHREAD_SPECIAL_FLAGS=no
ax_cv_have_func_attribute_format=yes
ax_cv_have_func_attribute_noreturn=yes

## ----------------- ##
## Output variables. ##
## ----------------- ##

AR='/usr/bin/ar'
AVX512_CFLAGS=''
AVX_CFLAGS=''
CC='gcc -std=gnu99'
CFLAGS='-O3'
CPP='gcc -std=gnu99 -E'
CPPFLAGS=''
DEFS='-DHAVE_CONFIG_H'
EASEL_COPYRIGHT='Copyright (C) 2020 Howard Hughes Medical Institute.'
EASEL_DATE='Nov 2020'
EASEL_LICENSE='Freely distributed under the BSD open source license.'
EASEL_URL='http://bioeasel.org/'
EASEL_VERSION='0.48'
ECHO_C=''
ECHO_N='-n'
ECHO_T=''
EGREP='/bin/grep -E'
EXEEXT=''
GREP='/bin/grep'
GROUPHMMERLIBS='-Wl,--start-group -lhmmer -lhmmerimpl -Wl,--end-group'
HAVE_GZIP='/usr/bin/gzip'
HAVE_PYTHON3='yes'
HMMERIMPLLIB='impl_sse/libhmmerimpl.a'
HMMER_COPYRIGHT='Copyright (C) 2020 Howard Hughes Medical Institute.'
HMMER_DATE='Nov 2020'
HMMER_ESLDIR='easel'
HMMER_LICENSE='Freely distributed under the BSD open source license.'
HMMER_SADIR='libdivsufsort'
HMMER_URL='http://hmmer.org/'
HMMER_VERSION='3.3.2'
IMPL_CHOICE='sse'
INSTALL_DATA='${INSTALL} -m 644'
INSTALL_PROGRAM='${INSTALL}'
INSTALL_SCRIPT='${INSTALL}'
LDFLAGS=''
LIBGSL=''
LIBOBJS=''
LIBS='-lrt '
LN_S='ln -s'
LTLIBOBJS=''
MPICC=''
MPI_BENCHMARKS=''
MPI_UTESTS=''
NEON_CFLAGS=''
OBJEXT='o'
PACKAGE_BUGREPORT='sean@eddylab.org'
PACKAGE_NAME='HMMER'
PACKAGE_STRING='HMMER 3.3.2'
PACKAGE_TARNAME='hmmer'
PACKAGE_URL=''
PACKAGE_VERSION='3.3.2'
PATH_SEPARATOR=':'
PIC_CFLAGS=''
PTHREAD_CC='gcc -std=gnu99'
PTHREAD_CFLAGS='-pthread'
PTHREAD_LIBS=''
RANLIB='ranlib'
SED='/bin/sed'
SHELL='/bin/sh'
SSE4_CFLAGS=''
SSE_CFLAGS=''
STRIP='strip'
VMX_CFLAGS=''
ac_ct_CC='gcc'
ax_pthread_config=''
bindir='${exec_prefix}/bin'
build='x86_64-pc-linux-gnu'
build_alias=''
build_cpu='x86_64'
build_os='linux-gnu'
build_vendor='pc'
datadir='${datarootdir}'
datarootdir='${prefix}/share'
docdir='${datarootdir}/doc/${PACKAGE_TARNAME}'
dvidir='${docdir}'
exec_prefix='${prefix}'
host='x86_64-pc-linux-gnu'
host_alias=''
host_cpu='x86_64'
host_os='linux-gnu'
host_vendor='pc'
htmldir='${docdir}'
includedir='${prefix}/include'
infodir='${datarootdir}/info'
libdir='${exec_prefix}/lib'
libexecdir='${exec_prefix}/libexec'
localedir='${datarootdir}/locale'
localstatedir='${prefix}/var'
mandir='${datarootdir}/man'
oldincludedir='/usr/include'
pdfdir='${docdir}'
prefix='/storage/yuanyubo/soft/hmmer3'
program_transform_name='s,x,x,'
psdir='${docdir}'
sbindir='${exec_prefix}/sbin'
sharedstatedir='${prefix}/com'
sysconfdir='${prefix}/etc'
target_alias=''

## ----------- ##
## confdefs.h. ##
## ----------- ##

/* confdefs.h */
#define PACKAGE_NAME "HMMER"
#define PACKAGE_TARNAME "hmmer"
#define PACKAGE_VERSION "3.3.2"
#define PACKAGE_STRING "HMMER 3.3.2"
#define PACKAGE_BUGREPORT "sean@eddylab.org"
#define PACKAGE_URL ""
#define HMMER_DATE "Nov 2020"
#define HMMER_COPYRIGHT "Copyright (C) 2020 Howard Hughes Medical Institute."
#define HMMER_LICENSE "Freely distributed under the BSD open source license."
#define HMMER_VERSION "3.3.2"
#define HMMER_URL "http://hmmer.org/"
#define EASEL_DATE "Nov 2020"
#define EASEL_COPYRIGHT "Copyright (C) 2020 Howard Hughes Medical Institute."
#define EASEL_LICENSE "Freely distributed under the BSD open source license."
#define EASEL_VERSION "0.48"
#define EASEL_URL "http://bioeasel.org/"
#define eslDEBUGLEVEL 0
#define HAVE_PTHREAD 1
#define HMMER_THREADS 1
#define eslENABLE_SSE 1
#define HAVE_FLUSH_ZERO_MODE 1
#define HAVE_GZIP 1
#define STDC_HEADERS 1
#define HAVE_SYS_TYPES_H 1
#define HAVE_SYS_STAT_H 1
#define HAVE_STDLIB_H 1
#define HAVE_STRING_H 1
#define HAVE_MEMORY_H 1
#define HAVE_STRINGS_H 1
#define HAVE_INTTYPES_H 1
#define HAVE_STDINT_H 1
#define HAVE_UNISTD_H 1
#define HAVE_ENDIAN_H 1
#define HAVE_INTTYPES_H 1
#define HAVE_STDINT_H 1
#define HAVE_UNISTD_H 1
#define HAVE_SYS_TYPES_H 1
#define HAVE_NETINET_IN_H 1
#define HAVE_SYS_PARAM_H 1
#define HAVE_SYS_SYSCTL_H 1
#define HAVE_FUNC_ATTRIBUTE_NORETURN 1
#define HAVE_FUNC_ATTRIBUTE_FORMAT 1
#define HAVE_MKSTEMP 1
#define HAVE_POPEN 1
#define HAVE_PUTENV 1
#define HAVE_STRCASECMP 1
#define HAVE_STRSEP 1
#define HAVE_TIMES 1
#define HAVE_GETPID 1
#define HAVE_SYSCTL 1
#define HAVE_SYSCONF 1
#define HAVE_GETCWD 1
#define HAVE_CHMOD 1
#define HAVE_STAT 1
#define HAVE_FSTAT 1
#define HAVE_FSEEKO 1

configure: exit 0
